<?xml version="1.0" encoding="UTF-8"?>
<!-- Generated by org.testng.reporters.JUnitReportReporter -->
<testsuite hostname="BCTCL-DL5420143" failures="0" tests="4" name="testcases.Ews" time="230.397" errors="0" timestamp="2022-02-09T21:20:16 IST" skipped="0">
  <testcase classname="testcases.Ews" name="getAlertDetails" time="183.475"/>
  <system-out/>
  <testcase classname="testcases.Ews" name="getGroupDetails" time="5.794"/>
  <system-out/>
  <testcase classname="testcases.Ews" name="getAlertConfiguration_Details" time="8.639"/>
  <system-out/>
  <testcase classname="testcases.Ews" name="getAlertStatus" time="32.489"/>
  <system-out/>
</testsuite> <!-- testcases.Ews -->
